<?xml version="1.0" encoding="UTF-8"?>
<!-- Generated by org.testng.reporters.JUnitReportReporter -->
<testsuite hostname="Ananthrajs-MacBook-Air.local" failures="0" tests="2" name="Testng_Login.Login_Test" time="0.032" errors="0" timestamp="2024-08-28T12:24:42 IST" skipped="0">
  <testcase classname="Testng_Login.Login_Test" name="closeapp" time="0.026"/>
  <testcase classname="Testng_Login.Login_Test" name="openapp" time="0.006"/>
</testsuite> <!-- Testng_Login.Login_Test -->
