<?xml version="1.0" encoding="UTF-8"?>
<!-- Generated by org.testng.reporters.JUnitReportReporter -->
<testsuite hostname="Ananthrajs-MacBook-Air.local" failures="0" tests="1" name="Testng_Login.POM_MainPage" time="22.801" errors="0" timestamp="2024-09-03T12:16:56 IST" skipped="0">
  <testcase classname="Testng_Login.POM_MainPage" name="Event" time="22.801"/>
</testsuite> <!-- Testng_Login.POM_MainPage -->
